0 info it worked if it ends with ok
1 verbose cli [ '/usr/local/Cellar/node/5.8.0/bin/node',
1 verbose cli   '/usr/local/bin/npm',
1 verbose cli   'publish' ]
2 info using npm@3.7.3
3 info using node@v5.8.0
4 verbose publish [ '.' ]
5 silly cache add args [ '.', null ]
6 verbose cache add spec .
7 silly cache add parsed spec Result {
7 silly cache add   raw: '.',
7 silly cache add   scope: null,
7 silly cache add   name: null,
7 silly cache add   rawSpec: '.',
7 silly cache add   spec: '/Users/demkada/Documents/github/ngecharts',
7 silly cache add   type: 'directory' }
8 verbose addLocalDirectory /Users/demkada/.npm/ngecharts/1.0.1/package.tgz not in flight; packing
9 verbose correctMkdir /Users/demkada/.npm correctMkdir not in flight; initializing
10 info lifecycle ngecharts@1.0.1~prepublish: ngecharts@1.0.1
11 silly lifecycle ngecharts@1.0.1~prepublish: no script for prepublish, continuing
12 verbose tar pack [ '/Users/demkada/.npm/ngecharts/1.0.1/package.tgz',
12 verbose tar pack   '/Users/demkada/Documents/github/ngecharts' ]
13 verbose tarball /Users/demkada/.npm/ngecharts/1.0.1/package.tgz
14 verbose folder /Users/demkada/Documents/github/ngecharts
15 verbose addLocalTarball adding from inside cache /Users/demkada/.npm/ngecharts/1.0.1/package.tgz
16 verbose correctMkdir /Users/demkada/.npm correctMkdir not in flight; initializing
17 silly cache afterAdd ngecharts@1.0.1
18 verbose afterAdd /Users/demkada/.npm/ngecharts/1.0.1/package/package.json not in flight; writing
19 verbose correctMkdir /Users/demkada/.npm correctMkdir not in flight; initializing
20 verbose afterAdd /Users/demkada/.npm/ngecharts/1.0.1/package/package.json written
21 silly publish { name: 'ngecharts',
21 silly publish   version: '1.0.1',
21 silly publish   homepage: 'https://github.com/demkada/ngecharts',
21 silly publish   main: './dist/ngecharts.js',
21 silly publish   authors: [ 'gudh', 'Kad D.' ],
21 silly publish   repository:
21 silly publish    { type: 'git',
21 silly publish      url: 'git+https://github.com/demkada/ngecharts.git' },
21 silly publish   description: 'using ECharts with Angular.js',
21 silly publish   moduleType: [],
21 silly publish   keywords: [ 'angular', 'angularjs', 'echarts', 'charts' ],
21 silly publish   license: 'MIT',
21 silly publish   ignore: [ '**/.*', 'node_modules', 'bower_components', 'test', 'tests' ],
21 silly publish   dependencies: { angular: '~1.x', echarts: '3.1.9' },
21 silly publish   readme: '\n## About\n\nngECharts - A simple AngularJS directive for beautiful responsive [ECharts](http://echarts.baidu.com/doc/example-en.html)\n\n**Requirement**:\n\n* AngularJS 1.x\n* ECharts 2.x & 3.x\n\n## Why ECharts?\nIt\'s one of the most powerful and beautiful charts on the Internet ( [See examples](http://echarts.baidu.com/doc/example-en.html) ). \n\nMore importantly, it\'s FREE! Both personal projects **and commercial** ones.\n\n\n## Demo\n\n\n\n## Get started\n\n### Install with Bower\n\n```\n$ bower install ngecharts --save\n```\n\n### Usage\n\nAdd *Angular*, *ECharts* and *ngECharts* to your page\n\n```\n<script src="bower_components/angular/angular.min.js"></script>\n<script src="bower_components/echarts/build/dist/echarts-all.js"></script>\n<script src="bower_components/ngecharts/dist/ngecharts.min.js"></script>\n```\n\nAdd \'ngecharts\' module to your Angular app\n\n```\nvar app = angular.module(\'app\', [\'ngecharts\']);\n```\n\nThat\'s it! Now you can start creating beautiful charts :)\n\n## License\n\nMIT\n',
21 silly publish   readmeFilename: 'README.md',
21 silly publish   gitHead: '640b71db6a8f96162f3fcf6c095e39c132c2a127',
21 silly publish   bugs: { url: 'https://github.com/demkada/ngecharts/issues' },
21 silly publish   _id: 'ngecharts@1.0.1',
21 silly publish   scripts: {},
21 silly publish   _shasum: '0b8dbf262fad98f76066e5f83391fec7db9fd6b0',
21 silly publish   _from: '.' }
22 verbose getPublishConfig undefined
23 silly mapToRegistry name ngecharts
24 silly mapToRegistry using default registry
25 silly mapToRegistry registry http://registry.npmjs.org/
26 silly mapToRegistry uri http://registry.npmjs.org/ngecharts
27 verbose publish registryBase http://registry.npmjs.org/
28 silly publish uploading /Users/demkada/.npm/ngecharts/1.0.1/package.tgz
29 verbose stack Error: auth required for publishing
29 verbose stack     at CachingRegistryClient.publish (/usr/local/lib/node_modules/npm/node_modules/npm-registry-client/lib/publish.js:30:14)
29 verbose stack     at /usr/local/lib/node_modules/npm/lib/publish.js:137:14
29 verbose stack     at mapToRegistry (/usr/local/lib/node_modules/npm/lib/utils/map-to-registry.js:55:3)
29 verbose stack     at publish_ (/usr/local/lib/node_modules/npm/lib/publish.js:106:3)
29 verbose stack     at Array.<anonymous> (/usr/local/lib/node_modules/npm/node_modules/slide/lib/bind-actor.js:15:8)
29 verbose stack     at LOOP (/usr/local/lib/node_modules/npm/node_modules/slide/lib/chain.js:15:14)
29 verbose stack     at LOOP (/usr/local/lib/node_modules/npm/node_modules/slide/lib/chain.js:14:28)
29 verbose stack     at chain (/usr/local/lib/node_modules/npm/node_modules/slide/lib/chain.js:20:5)
29 verbose stack     at /usr/local/lib/node_modules/npm/lib/publish.js:72:5
29 verbose stack     at RES (/usr/local/lib/node_modules/npm/node_modules/inflight/inflight.js:23:14)
30 verbose cwd /Users/demkada/Documents/github/ngecharts
31 error Darwin 15.3.0
32 error argv "/usr/local/Cellar/node/5.8.0/bin/node" "/usr/local/bin/npm" "publish"
33 error node v5.8.0
34 error npm  v3.7.3
35 error code ENEEDAUTH
36 error need auth auth required for publishing
37 error need auth You need to authorize this machine using `npm adduser`
38 verbose exit [ 1, true ]
